<?xml version="1.0" encoding="UTF-8"?>
<!-- Generated by org.testng.reporters.JUnitXMLReporter -->
<testsuite ignored="0" hostname="DESKTOP-S1MQ5B3" failures="0" tests="4" name="Test" time="48.138" errors="0" timestamp="17 Aug 2023 16:32:20 GMT">
  <testcase classname="com.qa.TestLayer.FWDriverScript" name="validateTitle_TC03" time="4.429"/>
  <testcase classname="com.qa.TestLayer.FWDriverScript" name="validateTitle_TC03" time="4.053"/>
  <testcase classname="com.qa.TestLayer.FWDriverScript" name="validateTitle_TC03" time="4.282"/>
  <testcase classname="com.qa.TestLayer.FWDriverScript" name="validateTitle_TC03" time="4.115"/>
</testsuite> <!-- Test -->
