<?xml version="1.0" encoding="UTF-8"?>
<testng-results ignored="0" total="4" passed="4" failed="0" skipped="0">
  <reporter-output>
  </reporter-output>
  <suite started-at="2023-08-17T16:31:32Z" name="Suite" finished-at="2023-08-17T16:32:20Z" duration-ms="48138">
    <groups>
    </groups>
    <test started-at="2023-08-17T16:31:32Z" name="Test" finished-at="2023-08-17T16:32:20Z" duration-ms="48138">
      <class name="com.qa.TestLayer.FWDriverScript">
        <test-method is-config="true" signature="setup()[pri:0, instance:com.qa.TestLayer.FWDriverScript@8458f04]" started-at="2023-08-17T16:31:35Z" name="setup" finished-at="2023-08-17T16:31:43Z" duration-ms="7866" status="PASS">
          <reporter-output>
          </reporter-output>
        </test-method> <!-- setup -->
        <test-method signature="validateTitle_TC03(java.lang.String, java.lang.String, java.lang.String, java.lang.String)[pri:0, instance:com.qa.TestLayer.FWDriverScript@8458f04]" started-at="2023-08-17T16:31:43Z" name="validateTitle_TC03" data-provider="passDataFromExcel" finished-at="2023-08-17T16:31:47Z" duration-ms="4429" status="PASS">
          <params>
            <param index="0">
              <value>
                <![CDATA[John]]>
              </value>
            </param>
            <param index="1">
              <value>
                <![CDATA[Peter]]>
              </value>
            </param>
            <param index="2">
              <value>
                <![CDATA[jp@test.com]]>
              </value>
            </param>
            <param index="3">
              <value>
                <![CDATA[john123]]>
              </value>
            </param>
          </params>
          <reporter-output>
          </reporter-output>
        </test-method> <!-- validateTitle_TC03 -->
        <test-method is-config="true" signature="closeBrowser()[pri:0, instance:com.qa.TestLayer.FWDriverScript@8458f04]" started-at="2023-08-17T16:31:47Z" name="closeBrowser" finished-at="2023-08-17T16:31:47Z" duration-ms="158" status="PASS">
          <reporter-output>
          </reporter-output>
        </test-method> <!-- closeBrowser -->
        <test-method is-config="true" signature="setup()[pri:0, instance:com.qa.TestLayer.FWDriverScript@8458f04]" started-at="2023-08-17T16:31:47Z" name="setup" finished-at="2023-08-17T16:31:54Z" duration-ms="6758" status="PASS">
          <reporter-output>
          </reporter-output>
        </test-method> <!-- setup -->
        <test-method signature="validateTitle_TC03(java.lang.String, java.lang.String, java.lang.String, java.lang.String)[pri:0, instance:com.qa.TestLayer.FWDriverScript@8458f04]" started-at="2023-08-17T16:31:54Z" name="validateTitle_TC03" data-provider="passDataFromExcel" finished-at="2023-08-17T16:31:58Z" duration-ms="4053" status="PASS">
          <params>
            <param index="0">
              <value>
                <![CDATA[Sam]]>
              </value>
            </param>
            <param index="1">
              <value>
                <![CDATA[Son]]>
              </value>
            </param>
            <param index="2">
              <value>
                <![CDATA[ss@test.com]]>
              </value>
            </param>
            <param index="3">
              <value>
                <![CDATA[ss123]]>
              </value>
            </param>
          </params>
          <reporter-output>
          </reporter-output>
        </test-method> <!-- validateTitle_TC03 -->
        <test-method is-config="true" signature="closeBrowser()[pri:0, instance:com.qa.TestLayer.FWDriverScript@8458f04]" started-at="2023-08-17T16:31:58Z" name="closeBrowser" finished-at="2023-08-17T16:31:58Z" duration-ms="98" status="PASS">
          <reporter-output>
          </reporter-output>
        </test-method> <!-- closeBrowser -->
        <test-method is-config="true" signature="setup()[pri:0, instance:com.qa.TestLayer.FWDriverScript@8458f04]" started-at="2023-08-17T16:31:58Z" name="setup" finished-at="2023-08-17T16:32:06Z" duration-ms="7411" status="PASS">
          <reporter-output>
          </reporter-output>
        </test-method> <!-- setup -->
        <test-method signature="validateTitle_TC03(java.lang.String, java.lang.String, java.lang.String, java.lang.String)[pri:0, instance:com.qa.TestLayer.FWDriverScript@8458f04]" started-at="2023-08-17T16:32:06Z" name="validateTitle_TC03" data-provider="passDataFromExcel" finished-at="2023-08-17T16:32:10Z" duration-ms="4282" status="PASS">
          <params>
            <param index="0">
              <value>
                <![CDATA[Jack]]>
              </value>
            </param>
            <param index="1">
              <value>
                <![CDATA[Jill]]>
              </value>
            </param>
            <param index="2">
              <value>
                <![CDATA[jj@test.com]]>
              </value>
            </param>
            <param index="3">
              <value>
                <![CDATA[jj123]]>
              </value>
            </param>
          </params>
          <reporter-output>
          </reporter-output>
        </test-method> <!-- validateTitle_TC03 -->
        <test-method is-config="true" signature="closeBrowser()[pri:0, instance:com.qa.TestLayer.FWDriverScript@8458f04]" started-at="2023-08-17T16:32:10Z" name="closeBrowser" finished-at="2023-08-17T16:32:10Z" duration-ms="139" status="PASS">
          <reporter-output>
          </reporter-output>
        </test-method> <!-- closeBrowser -->
        <test-method is-config="true" signature="setup()[pri:0, instance:com.qa.TestLayer.FWDriverScript@8458f04]" started-at="2023-08-17T16:32:10Z" name="setup" finished-at="2023-08-17T16:32:16Z" duration-ms="5789" status="PASS">
          <reporter-output>
          </reporter-output>
        </test-method> <!-- setup -->
        <test-method signature="validateTitle_TC03(java.lang.String, java.lang.String, java.lang.String, java.lang.String)[pri:0, instance:com.qa.TestLayer.FWDriverScript@8458f04]" started-at="2023-08-17T16:32:16Z" name="validateTitle_TC03" data-provider="passDataFromExcel" finished-at="2023-08-17T16:32:20Z" duration-ms="4115" status="PASS">
          <params>
            <param index="0">
              <value>
                <![CDATA[Jim]]>
              </value>
            </param>
            <param index="1">
              <value>
                <![CDATA[Tom]]>
              </value>
            </param>
            <param index="2">
              <value>
                <![CDATA[jt@test.com]]>
              </value>
            </param>
            <param index="3">
              <value>
                <![CDATA[jt123]]>
              </value>
            </param>
          </params>
          <reporter-output>
          </reporter-output>
        </test-method> <!-- validateTitle_TC03 -->
        <test-method is-config="true" signature="closeBrowser()[pri:0, instance:com.qa.TestLayer.FWDriverScript@8458f04]" started-at="2023-08-17T16:32:20Z" name="closeBrowser" finished-at="2023-08-17T16:32:20Z" duration-ms="366" status="PASS">
          <reporter-output>
          </reporter-output>
        </test-method> <!-- closeBrowser -->
      </class> <!-- com.qa.TestLayer.FWDriverScript -->
    </test> <!-- Test -->
  </suite> <!-- Suite -->
</testng-results>
