<?xml version="1.0" encoding="UTF-8"?>
<!-- Generated by org.testng.reporters.JUnitXMLReporter -->
<testsuite ignored="0" hostname="DESKTOP-S1MQ5B3" failures="0" tests="6" name="Test" time="67.35" errors="0" timestamp="17 Aug 2023 16:20:29 GMT">
  <testcase classname="com.qa.TestLayer.FWDriverScript" name="validateFormfile_TC01" time="5.184"/>
  <testcase classname="com.qa.TestLayer.FWDriverScript" name="validateFormfile_TC01" time="4.456"/>
  <testcase classname="com.qa.TestLayer.FWDriverScript" name="validateFormfile_TC01" time="4.638"/>
  <testcase classname="com.qa.TestLayer.FWDriverScript" name="validateFormfile_TC01" time="5.846"/>
  <testcase classname="com.qa.TestLayer.FWDriverScript" name="validateLink_TC02" time="6.525"/>
  <testcase classname="com.qa.TestLayer.FWDriverScript" name="validateLink_TC03" time="0.62"/>
</testsuite> <!-- Test -->
